<?xml version="1.0" encoding="UTF-8"?>
<!-- Generated by org.testng.reporters.JUnitReportReporter -->
<testsuite hostname="DESKTOP-VEVOK9K" failures="0" tests="1" name="testRunner.TestRunner" time="4.028" errors="0" timestamp="2025-03-25T07:24:38 SGT" skipped="0">
  <testcase classname="testRunner.TestRunner" name="runScenario" time="4.028"/>
</testsuite> <!-- testRunner.TestRunner -->
